# JRE version: OpenJDK Runtime Environment (17.0.6) (build 17.0.6+0-b2043.56-10027231)
# Java VM: OpenJDK 64-Bit Server VM (17.0.6+0-b2043.56-10027231, mixed mode, tiered, compressed oops, compressed class ptrs, g1 gc, windows-amd64)
GC Precious Log:
 CPUs: 4 total, 4 available
 Memory: 3998M
 Large Page Support: Disabled
 NUMA Support: Disabled
 Compressed Oops: Enabled (Zero based)
 Heap Region Size: 4M
 Heap Min Capacity: 8M
 Heap Initial Capacity: 64M
 Heap Max Capacity: 8G
 Pre-touch: Disabled
 Parallel Workers: 4
 Concurrent Workers: 1
 Concurrent Refinement Workers: 4
 Periodic GC: Disabled
Heap:
 garbage-first heap   total 1040384K, used 565248K [0x0000000600000000, 0x0000000800000000)
  region size 4096K, 2 young (8192K), 2 survivors (8192K)
 Metaspace       used 139470K, committed 140288K, reserved 1171456K
  class space    used 18202K, committed 18560K, reserved 1048576K
GC Heap History (20 events):
Event: 76.895 GC heap after
{Heap after GC invocations=55 (full 0):
 garbage-first heap   total 647168K, used 355919K [0x0000000600000000, 0x0000000800000000)
  region size 4096K, 4 young (16384K), 4 survivors (16384K)
 Metaspace       used 117976K, committed 118720K, reserved 1155072K
  class space    used 15303K, committed 15680K, reserved 1048576K
}
Event: 83.911 GC heap before
{Heap before GC invocations=55 (full 0):
 garbage-first heap   total 647168K, used 413263K [0x0000000600000000, 0x0000000800000000)
  region size 4096K, 19 young (77824K), 4 survivors (16384K)
 Metaspace       used 120487K, committed 121216K, reserved 1155072K
  class space    used 15602K, committed 15936K, reserved 1048576K
}
Event: 83.973 GC heap after
{Heap after GC invocations=56 (full 0):
 garbage-first heap   total 647168K, used 367064K [0x0000000600000000, 0x0000000800000000)
  region size 4096K, 3 young (12288K), 3 survivors (12288K)
 Metaspace       used 120487K, committed 121216K, reserved 1155072K
  class space    used 15602K, committed 15936K, reserved 1048576K
}
Event: 88.089 GC heap before
{Heap before GC invocations=56 (full 0):
 garbage-first heap   total 647168K, used 457176K [0x0000000600000000, 0x0000000800000000)
  region size 4096K, 25 young (102400K), 3 survivors (12288K)
 Metaspace       used 133271K, committed 134080K, reserved 1171456K
  class space    used 17548K, committed 17920K, reserved 1048576K
}
Event: 88.125 GC heap after
{Heap after GC invocations=57 (full 0):
 garbage-first heap   total 647168K, used 371848K [0x0000000600000000, 0x0000000800000000)
  region size 4096K, 1 young (4096K), 1 survivors (4096K)
 Metaspace       used 133271K, committed 134080K, reserved 1171456K
  class space    used 17548K, committed 17920K, reserved 1048576K
}
Event: 91.961 GC heap before
{Heap before GC invocations=57 (full 0):
 garbage-first heap   total 647168K, used 466056K [0x0000000600000000, 0x0000000800000000)
  region size 4096K, 25 young (102400K), 1 survivors (4096K)
 Metaspace       used 134603K, committed 135360K, reserved 1171456K
  class space    used 17745K, committed 18112K, reserved 1048576K
}
Event: 91.983 GC heap after
{Heap after GC invocations=58 (full 0):
 garbage-first heap   total 647168K, used 377465K [0x0000000600000000, 0x0000000800000000)
  region size 4096K, 3 young (12288K), 3 survivors (12288K)
 Metaspace       used 134603K, committed 135360K, reserved 1171456K
  class space    used 17745K, committed 18112K, reserved 1048576K
}
Event: 93.107 GC heap before
{Heap before GC invocations=58 (full 0):
 garbage-first heap   total 647168K, used 479865K [0x0000000600000000, 0x0000000800000000)
  region size 4096K, 29 young (118784K), 3 survivors (12288K)
 Metaspace       used 134868K, committed 135680K, reserved 1171456K
  class space    used 17750K, committed 18112K, reserved 1048576K
}
Event: 93.140 GC heap after
{Heap after GC invocations=59 (full 0):
 garbage-first heap   total 647168K, used 388204K [0x0000000600000000, 0x0000000800000000)
  region size 4096K, 4 young (16384K), 4 survivors (16384K)
 Metaspace       used 134868K, committed 135680K, reserved 1171456K
  class space    used 17750K, committed 18112K, reserved 1048576K
}
Event: 98.022 GC heap before
{Heap before GC invocations=59 (full 0):
 garbage-first heap   total 647168K, used 494700K [0x0000000600000000, 0x0000000800000000)
  region size 4096K, 31 young (126976K), 4 survivors (16384K)
 Metaspace       used 135174K, committed 135936K, reserved 1171456K
  class space    used 17769K, committed 18112K, reserved 1048576K
}
Event: 98.103 GC heap after
{Heap after GC invocations=60 (full 0):
 garbage-first heap   total 1040384K, used 408218K [0x0000000600000000, 0x0000000800000000)
  region size 4096K, 4 young (16384K), 4 survivors (16384K)
 Metaspace       used 135174K, committed 135936K, reserved 1171456K
  class space    used 17769K, committed 18112K, reserved 1048576K
}
Event: 108.337 GC heap before
{Heap before GC invocations=60 (full 0):
 garbage-first heap   total 1040384K, used 649882K [0x0000000600000000, 0x0000000800000000)
  region size 4096K, 63 young (258048K), 4 survivors (16384K)
 Metaspace       used 138736K, committed 139520K, reserved 1171456K
  class space    used 18135K, committed 18496K, reserved 1048576K
}
Event: 110.181 GC heap after
{Heap after GC invocations=61 (full 0):
 garbage-first heap   total 1040384K, used 487424K [0x0000000600000000, 0x0000000800000000)
  region size 4096K, 8 young (32768K), 8 survivors (32768K)
 Metaspace       used 138736K, committed 139520K, reserved 1171456K
  class space    used 18135K, committed 18496K, reserved 1048576K
}
Event: 115.611 GC heap before
{Heap before GC invocations=61 (full 0):
 garbage-first heap   total 1040384K, used 503808K [0x0000000600000000, 0x0000000800000000)
  region size 4096K, 12 young (49152K), 8 survivors (32768K)
 Metaspace       used 139338K, committed 140160K, reserved 1171456K
  class space    used 18202K, committed 18560K, reserved 1048576K
}
Event: 115.849 GC heap after
{Heap after GC invocations=62 (full 0):
 garbage-first heap   total 1040384K, used 499712K [0x0000000600000000, 0x0000000800000000)
  region size 4096K, 2 young (8192K), 2 survivors (8192K)
 Metaspace       used 139338K, committed 140160K, reserved 1171456K
  class space    used 18202K, committed 18560K, reserved 1048576K
}
Event: 118.155 GC heap before
{Heap before GC invocations=62 (full 0):
 garbage-first heap   total 1040384K, used 540672K [0x0000000600000000, 0x0000000800000000)
  region size 4096K, 12 young (49152K), 2 survivors (8192K)
 Metaspace       used 139419K, committed 140224K, reserved 1171456K
  class space    used 18202K, committed 18560K, reserved 1048576K
}
Event: 118.206 GC heap after
{Heap after GC invocations=63 (full 0):
 garbage-first heap   total 1040384K, used 511668K [0x0000000600000000, 0x0000000800000000)
  region size 4096K, 2 young (8192K), 2 survivors (8192K)
 Metaspace       used 139419K, committed 140224K, reserved 1171456K
  class space    used 18202K, committed 18560K, reserved 1048576K
}
Event: 118.537 GC heap before
{Heap before GC invocations=63 (full 0):
 garbage-first heap   total 1040384K, used 552628K [0x0000000600000000, 0x0000000800000000)
  region size 4096K, 12 young (49152K), 2 survivors (8192K)
 Metaspace       used 139419K, committed 140224K, reserved 1171456K
  class space    used 18202K, committed 18560K, reserved 1048576K
}
Event: 118.618 GC heap after
{Heap after GC invocations=64 (full 0):
 garbage-first heap   total 1040384K, used 552007K [0x0000000600000000, 0x0000000800000000)
  region size 4096K, 2 young (8192K), 2 survivors (8192K)
 Metaspace       used 139419K, committed 140224K, reserved 1171456K
  class space    used 18202K, committed 18560K, reserved 1048576K
}
Event: 119.090 GC heap before
{Heap before GC invocations=64 (full 0):
 garbage-first heap   total 1040384K, used 592967K [0x0000000600000000, 0x0000000800000000)
  region size 4096K, 12 young (49152K), 2 survivors (8192K)
 Metaspace       used 139470K, committed 140288K, reserved 1171456K
  class space    used 18202K, committed 18560K, reserved 1048576K
}

